<?xml version="1.0" encoding="UTF-8"?>
<testsuite xmlns:xsi="http://www.w3.org/2001/XMLSchema-instance" xsi:noNamespaceSchemaLocation="https://maven.apache.org/surefire/maven-surefire-plugin/xsd/surefire-test-report.xsd" name="com.seera.data.task.TaskApplicationTests" time="0.503" tests="1" errors="0" skipped="0" failures="1">
  <properties>
    <property name="java.specification.version" value="19"/>
    <property name="sun.jnu.encoding" value="UTF-8"/>
    <property name="java.class.path" value="/Users/rawan.ismail/Workspace/task/target/test-classes:/Users/rawan.ismail/Workspace/task/target/classes:/Users/rawan.ismail/.m2/repository/org/springframework/boot/spring-boot-starter-data-jpa/3.1.0-SNAPSHOT/spring-boot-starter-data-jpa-3.1.0-SNAPSHOT.jar:/Users/rawan.ismail/.m2/repository/org/springframework/boot/spring-boot-starter-aop/3.1.0-SNAPSHOT/spring-boot-starter-aop-3.1.0-SNAPSHOT.jar:/Users/rawan.ismail/.m2/repository/org/springframework/spring-aop/6.0.7-SNAPSHOT/spring-aop-6.0.7-SNAPSHOT.jar:/Users/rawan.ismail/.m2/repository/org/aspectj/aspectjweaver/1.9.19/aspectjweaver-1.9.19.jar:/Users/rawan.ismail/.m2/repository/org/springframework/boot/spring-boot-starter-jdbc/3.1.0-SNAPSHOT/spring-boot-starter-jdbc-3.1.0-SNAPSHOT.jar:/Users/rawan.ismail/.m2/repository/com/zaxxer/HikariCP/5.0.1/HikariCP-5.0.1.jar:/Users/rawan.ismail/.m2/repository/org/springframework/spring-jdbc/6.0.7-SNAPSHOT/spring-jdbc-6.0.7-SNAPSHOT.jar:/Users/rawan.ismail/.m2/repository/org/hibernate/orm/hibernate-core/6.1.7.Final/hibernate-core-6.1.7.Final.jar:/Users/rawan.ismail/.m2/repository/jakarta/persistence/jakarta.persistence-api/3.1.0/jakarta.persistence-api-3.1.0.jar:/Users/rawan.ismail/.m2/repository/jakarta/transaction/jakarta.transaction-api/2.0.1/jakarta.transaction-api-2.0.1.jar:/Users/rawan.ismail/.m2/repository/org/jboss/logging/jboss-logging/3.5.0.Final/jboss-logging-3.5.0.Final.jar:/Users/rawan.ismail/.m2/repository/org/hibernate/common/hibernate-commons-annotations/6.0.6.Final/hibernate-commons-annotations-6.0.6.Final.jar:/Users/rawan.ismail/.m2/repository/org/jboss/jandex/2.4.2.Final/jandex-2.4.2.Final.jar:/Users/rawan.ismail/.m2/repository/com/fasterxml/classmate/1.5.1/classmate-1.5.1.jar:/Users/rawan.ismail/.m2/repository/net/bytebuddy/byte-buddy/1.14.1/byte-buddy-1.14.1.jar:/Users/rawan.ismail/.m2/repository/org/glassfish/jaxb/jaxb-runtime/4.0.2/jaxb-runtime-4.0.2.jar:/Users/rawan.ismail/.m2/repository/org/glassfish/jaxb/jaxb-core/4.0.2/jaxb-core-4.0.2.jar:/Users/rawan.ismail/.m2/repository/org/eclipse/angus/angus-activation/2.0.0/angus-activation-2.0.0.jar:/Users/rawan.ismail/.m2/repository/org/glassfish/jaxb/txw2/4.0.2/txw2-4.0.2.jar:/Users/rawan.ismail/.m2/repository/com/sun/istack/istack-commons-runtime/4.1.1/istack-commons-runtime-4.1.1.jar:/Users/rawan.ismail/.m2/repository/jakarta/inject/jakarta.inject-api/2.0.0/jakarta.inject-api-2.0.0.jar:/Users/rawan.ismail/.m2/repository/org/antlr/antlr4-runtime/4.10.1/antlr4-runtime-4.10.1.jar:/Users/rawan.ismail/.m2/repository/org/springframework/data/spring-data-jpa/3.1.0-SNAPSHOT/spring-data-jpa-3.1.0-SNAPSHOT.jar:/Users/rawan.ismail/.m2/repository/org/springframework/data/spring-data-commons/3.1.0-SNAPSHOT/spring-data-commons-3.1.0-SNAPSHOT.jar:/Users/rawan.ismail/.m2/repository/org/springframework/spring-orm/6.0.7-SNAPSHOT/spring-orm-6.0.7-SNAPSHOT.jar:/Users/rawan.ismail/.m2/repository/org/springframework/spring-context/6.0.7-SNAPSHOT/spring-context-6.0.7-SNAPSHOT.jar:/Users/rawan.ismail/.m2/repository/org/springframework/spring-expression/6.0.7-SNAPSHOT/spring-expression-6.0.7-SNAPSHOT.jar:/Users/rawan.ismail/.m2/repository/org/springframework/spring-tx/6.0.7-SNAPSHOT/spring-tx-6.0.7-SNAPSHOT.jar:/Users/rawan.ismail/.m2/repository/org/springframework/spring-beans/6.0.7-SNAPSHOT/spring-beans-6.0.7-SNAPSHOT.jar:/Users/rawan.ismail/.m2/repository/org/slf4j/slf4j-api/2.0.6/slf4j-api-2.0.6.jar:/Users/rawan.ismail/.m2/repository/org/springframework/spring-aspects/6.0.7-SNAPSHOT/spring-aspects-6.0.7-SNAPSHOT.jar:/Users/rawan.ismail/.m2/repository/com/mysql/mysql-connector-j/8.0.32/mysql-connector-j-8.0.32.jar:/Users/rawan.ismail/.m2/repository/org/springframework/boot/spring-boot-starter/3.1.0-SNAPSHOT/spring-boot-starter-3.1.0-SNAPSHOT.jar:/Users/rawan.ismail/.m2/repository/org/springframework/boot/spring-boot/3.1.0-SNAPSHOT/spring-boot-3.1.0-SNAPSHOT.jar:/Users/rawan.ismail/.m2/repository/org/springframework/boot/spring-boot-autoconfigure/3.1.0-SNAPSHOT/spring-boot-autoconfigure-3.1.0-SNAPSHOT.jar:/Users/rawan.ismail/.m2/repository/org/springframework/boot/spring-boot-starter-logging/3.1.0-SNAPSHOT/spring-boot-starter-logging-3.1.0-SNAPSHOT.jar:/Users/rawan.ismail/.m2/repository/ch/qos/logback/logback-classic/1.4.5/logback-classic-1.4.5.jar:/Users/rawan.ismail/.m2/repository/ch/qos/logback/logback-core/1.4.5/logback-core-1.4.5.jar:/Users/rawan.ismail/.m2/repository/org/apache/logging/log4j/log4j-to-slf4j/2.20.0/log4j-to-slf4j-2.20.0.jar:/Users/rawan.ismail/.m2/repository/org/slf4j/jul-to-slf4j/2.0.6/jul-to-slf4j-2.0.6.jar:/Users/rawan.ismail/.m2/repository/jakarta/annotation/jakarta.annotation-api/2.1.1/jakarta.annotation-api-2.1.1.jar:/Users/rawan.ismail/.m2/repository/org/springframework/spring-core/6.0.7-SNAPSHOT/spring-core-6.0.7-SNAPSHOT.jar:/Users/rawan.ismail/.m2/repository/org/springframework/spring-jcl/6.0.7-SNAPSHOT/spring-jcl-6.0.7-SNAPSHOT.jar:/Users/rawan.ismail/.m2/repository/org/yaml/snakeyaml/1.33/snakeyaml-1.33.jar:/Users/rawan.ismail/.m2/repository/org/springframework/boot/spring-boot-starter-test/3.1.0-SNAPSHOT/spring-boot-starter-test-3.1.0-SNAPSHOT.jar:/Users/rawan.ismail/.m2/repository/org/springframework/boot/spring-boot-test/3.1.0-SNAPSHOT/spring-boot-test-3.1.0-SNAPSHOT.jar:/Users/rawan.ismail/.m2/repository/org/springframework/boot/spring-boot-test-autoconfigure/3.1.0-SNAPSHOT/spring-boot-test-autoconfigure-3.1.0-SNAPSHOT.jar:/Users/rawan.ismail/.m2/repository/com/jayway/jsonpath/json-path/2.7.0/json-path-2.7.0.jar:/Users/rawan.ismail/.m2/repository/net/minidev/json-smart/2.4.9/json-smart-2.4.9.jar:/Users/rawan.ismail/.m2/repository/net/minidev/accessors-smart/2.4.9/accessors-smart-2.4.9.jar:/Users/rawan.ismail/.m2/repository/org/ow2/asm/asm/9.3/asm-9.3.jar:/Users/rawan.ismail/.m2/repository/jakarta/xml/bind/jakarta.xml.bind-api/4.0.0/jakarta.xml.bind-api-4.0.0.jar:/Users/rawan.ismail/.m2/repository/jakarta/activation/jakarta.activation-api/2.1.1/jakarta.activation-api-2.1.1.jar:/Users/rawan.ismail/.m2/repository/org/assertj/assertj-core/3.24.2/assertj-core-3.24.2.jar:/Users/rawan.ismail/.m2/repository/org/hamcrest/hamcrest/2.2/hamcrest-2.2.jar:/Users/rawan.ismail/.m2/repository/org/junit/jupiter/junit-jupiter/5.9.2/junit-jupiter-5.9.2.jar:/Users/rawan.ismail/.m2/repository/org/junit/jupiter/junit-jupiter-api/5.9.2/junit-jupiter-api-5.9.2.jar:/Users/rawan.ismail/.m2/repository/org/opentest4j/opentest4j/1.2.0/opentest4j-1.2.0.jar:/Users/rawan.ismail/.m2/repository/org/junit/platform/junit-platform-commons/1.9.2/junit-platform-commons-1.9.2.jar:/Users/rawan.ismail/.m2/repository/org/junit/jupiter/junit-jupiter-params/5.9.2/junit-jupiter-params-5.9.2.jar:/Users/rawan.ismail/.m2/repository/org/junit/jupiter/junit-jupiter-engine/5.9.2/junit-jupiter-engine-5.9.2.jar:/Users/rawan.ismail/.m2/repository/org/junit/platform/junit-platform-engine/1.9.2/junit-platform-engine-1.9.2.jar:/Users/rawan.ismail/.m2/repository/org/mockito/mockito-core/4.11.0/mockito-core-4.11.0.jar:/Users/rawan.ismail/.m2/repository/net/bytebuddy/byte-buddy-agent/1.14.1/byte-buddy-agent-1.14.1.jar:/Users/rawan.ismail/.m2/repository/org/objenesis/objenesis/3.3/objenesis-3.3.jar:/Users/rawan.ismail/.m2/repository/org/mockito/mockito-junit-jupiter/4.11.0/mockito-junit-jupiter-4.11.0.jar:/Users/rawan.ismail/.m2/repository/org/skyscreamer/jsonassert/1.5.1/jsonassert-1.5.1.jar:/Users/rawan.ismail/.m2/repository/com/vaadin/external/google/android-json/0.0.20131108.vaadin1/android-json-0.0.20131108.vaadin1.jar:/Users/rawan.ismail/.m2/repository/org/springframework/spring-test/6.0.7-SNAPSHOT/spring-test-6.0.7-SNAPSHOT.jar:/Users/rawan.ismail/.m2/repository/org/xmlunit/xmlunit-core/2.9.1/xmlunit-core-2.9.1.jar:/Users/rawan.ismail/.m2/repository/org/openjfx/javafx-controls/19/javafx-controls-19.jar:/Users/rawan.ismail/.m2/repository/org/openjfx/javafx-controls/19/javafx-controls-19-mac.jar:/Users/rawan.ismail/.m2/repository/org/openjfx/javafx-graphics/19/javafx-graphics-19.jar:/Users/rawan.ismail/.m2/repository/org/openjfx/javafx-graphics/19/javafx-graphics-19-mac.jar:/Users/rawan.ismail/.m2/repository/org/openjfx/javafx-base/19/javafx-base-19.jar:/Users/rawan.ismail/.m2/repository/org/openjfx/javafx-base/19/javafx-base-19-mac.jar:/Users/rawan.ismail/.m2/repository/org/openjfx/javafx-fxml/19/javafx-fxml-19.jar:/Users/rawan.ismail/.m2/repository/org/openjfx/javafx-fxml/19/javafx-fxml-19-mac.jar:/Users/rawan.ismail/.m2/repository/junit/junit/4.13.2/junit-4.13.2.jar:/Users/rawan.ismail/.m2/repository/org/hamcrest/hamcrest-core/2.2/hamcrest-core-2.2.jar:/Users/rawan.ismail/.m2/repository/org/apache/poi/poi/5.2.0/poi-5.2.0.jar:/Users/rawan.ismail/.m2/repository/commons-codec/commons-codec/1.15/commons-codec-1.15.jar:/Users/rawan.ismail/.m2/repository/org/apache/commons/commons-collections4/4.4/commons-collections4-4.4.jar:/Users/rawan.ismail/.m2/repository/org/apache/commons/commons-math3/3.6.1/commons-math3-3.6.1.jar:/Users/rawan.ismail/.m2/repository/commons-io/commons-io/2.11.0/commons-io-2.11.0.jar:/Users/rawan.ismail/.m2/repository/com/zaxxer/SparseBitSet/1.2/SparseBitSet-1.2.jar:/Users/rawan.ismail/.m2/repository/org/apache/logging/log4j/log4j-api/2.20.0/log4j-api-2.20.0.jar:/Users/rawan.ismail/.m2/repository/org/apache/poi/poi-ooxml/5.2.0/poi-ooxml-5.2.0.jar:/Users/rawan.ismail/.m2/repository/org/apache/poi/poi-ooxml-lite/5.2.0/poi-ooxml-lite-5.2.0.jar:/Users/rawan.ismail/.m2/repository/org/apache/xmlbeans/xmlbeans/5.0.3/xmlbeans-5.0.3.jar:/Users/rawan.ismail/.m2/repository/org/apache/commons/commons-compress/1.21/commons-compress-1.21.jar:/Users/rawan.ismail/.m2/repository/com/github/virtuald/curvesapi/1.06/curvesapi-1.06.jar:/Users/rawan.ismail/.m2/repository/org/seleniumhq/selenium/selenium-java/4.8.1/selenium-java-4.8.1.jar:/Users/rawan.ismail/.m2/repository/org/seleniumhq/selenium/selenium-api/4.8.1/selenium-api-4.8.1.jar:/Users/rawan.ismail/.m2/repository/org/seleniumhq/selenium/selenium-chrome-driver/4.8.1/selenium-chrome-driver-4.8.1.jar:/Users/rawan.ismail/.m2/repository/com/google/auto/service/auto-service-annotations/1.0.1/auto-service-annotations-1.0.1.jar:/Users/rawan.ismail/.m2/repository/com/google/auto/service/auto-service/1.0.1/auto-service-1.0.1.jar:/Users/rawan.ismail/.m2/repository/com/google/auto/auto-common/1.2/auto-common-1.2.jar:/Users/rawan.ismail/.m2/repository/com/google/guava/guava/31.1-jre/guava-31.1-jre.jar:/Users/rawan.ismail/.m2/repository/com/google/guava/failureaccess/1.0.1/failureaccess-1.0.1.jar:/Users/rawan.ismail/.m2/repository/com/google/guava/listenablefuture/9999.0-empty-to-avoid-conflict-with-guava/listenablefuture-9999.0-empty-to-avoid-conflict-with-guava.jar:/Users/rawan.ismail/.m2/repository/com/google/code/findbugs/jsr305/3.0.2/jsr305-3.0.2.jar:/Users/rawan.ismail/.m2/repository/org/checkerframework/checker-qual/3.12.0/checker-qual-3.12.0.jar:/Users/rawan.ismail/.m2/repository/com/google/errorprone/error_prone_annotations/2.11.0/error_prone_annotations-2.11.0.jar:/Users/rawan.ismail/.m2/repository/com/google/j2objc/j2objc-annotations/1.3/j2objc-annotations-1.3.jar:/Users/rawan.ismail/.m2/repository/org/seleniumhq/selenium/selenium-chromium-driver/4.8.1/selenium-chromium-driver-4.8.1.jar:/Users/rawan.ismail/.m2/repository/org/seleniumhq/selenium/selenium-json/4.8.1/selenium-json-4.8.1.jar:/Users/rawan.ismail/.m2/repository/org/seleniumhq/selenium/selenium-devtools-v108/4.8.1/selenium-devtools-v108-4.8.1.jar:/Users/rawan.ismail/.m2/repository/org/seleniumhq/selenium/selenium-devtools-v109/4.8.1/selenium-devtools-v109-4.8.1.jar:/Users/rawan.ismail/.m2/repository/org/seleniumhq/selenium/selenium-devtools-v110/4.8.1/selenium-devtools-v110-4.8.1.jar:/Users/rawan.ismail/.m2/repository/org/seleniumhq/selenium/selenium-devtools-v85/4.8.1/selenium-devtools-v85-4.8.1.jar:/Users/rawan.ismail/.m2/repository/org/seleniumhq/selenium/selenium-edge-driver/4.8.1/selenium-edge-driver-4.8.1.jar:/Users/rawan.ismail/.m2/repository/org/seleniumhq/selenium/selenium-firefox-driver/4.8.1/selenium-firefox-driver-4.8.1.jar:/Users/rawan.ismail/.m2/repository/org/seleniumhq/selenium/selenium-http/4.8.1/selenium-http-4.8.1.jar:/Users/rawan.ismail/.m2/repository/dev/failsafe/failsafe/3.3.0/failsafe-3.3.0.jar:/Users/rawan.ismail/.m2/repository/org/seleniumhq/selenium/selenium-ie-driver/4.8.1/selenium-ie-driver-4.8.1.jar:/Users/rawan.ismail/.m2/repository/org/seleniumhq/selenium/selenium-remote-driver/4.8.1/selenium-remote-driver-4.8.1.jar:/Users/rawan.ismail/.m2/repository/io/netty/netty-buffer/4.1.89.Final/netty-buffer-4.1.89.Final.jar:/Users/rawan.ismail/.m2/repository/io/netty/netty-codec-http/4.1.89.Final/netty-codec-http-4.1.89.Final.jar:/Users/rawan.ismail/.m2/repository/io/netty/netty-codec/4.1.89.Final/netty-codec-4.1.89.Final.jar:/Users/rawan.ismail/.m2/repository/io/netty/netty-handler/4.1.89.Final/netty-handler-4.1.89.Final.jar:/Users/rawan.ismail/.m2/repository/io/netty/netty-common/4.1.89.Final/netty-common-4.1.89.Final.jar:/Users/rawan.ismail/.m2/repository/io/netty/netty-transport-classes-epoll/4.1.89.Final/netty-transport-classes-epoll-4.1.89.Final.jar:/Users/rawan.ismail/.m2/repository/io/netty/netty-transport-classes-kqueue/4.1.89.Final/netty-transport-classes-kqueue-4.1.89.Final.jar:/Users/rawan.ismail/.m2/repository/io/netty/netty-transport-native-epoll/4.1.89.Final/netty-transport-native-epoll-4.1.89.Final.jar:/Users/rawan.ismail/.m2/repository/io/netty/netty-transport-native-kqueue/4.1.89.Final/netty-transport-native-kqueue-4.1.89.Final.jar:/Users/rawan.ismail/.m2/repository/io/netty/netty-transport-native-unix-common/4.1.89.Final/netty-transport-native-unix-common-4.1.89.Final.jar:/Users/rawan.ismail/.m2/repository/io/netty/netty-transport/4.1.89.Final/netty-transport-4.1.89.Final.jar:/Users/rawan.ismail/.m2/repository/io/netty/netty-resolver/4.1.89.Final/netty-resolver-4.1.89.Final.jar:/Users/rawan.ismail/.m2/repository/io/opentelemetry/opentelemetry-api/1.24.0/opentelemetry-api-1.24.0.jar:/Users/rawan.ismail/.m2/repository/io/opentelemetry/opentelemetry-context/1.24.0/opentelemetry-context-1.24.0.jar:/Users/rawan.ismail/.m2/repository/io/opentelemetry/opentelemetry-exporter-logging/1.24.0/opentelemetry-exporter-logging-1.24.0.jar:/Users/rawan.ismail/.m2/repository/io/opentelemetry/opentelemetry-sdk-metrics/1.24.0/opentelemetry-sdk-metrics-1.24.0.jar:/Users/rawan.ismail/.m2/repository/io/opentelemetry/opentelemetry-sdk-logs/1.24.0-alpha/opentelemetry-sdk-logs-1.24.0-alpha.jar:/Users/rawan.ismail/.m2/repository/io/opentelemetry/opentelemetry-api-logs/1.24.0-alpha/opentelemetry-api-logs-1.24.0-alpha.jar:/Users/rawan.ismail/.m2/repository/io/opentelemetry/opentelemetry-api-events/1.24.0-alpha/opentelemetry-api-events-1.24.0-alpha.jar:/Users/rawan.ismail/.m2/repository/io/opentelemetry/opentelemetry-sdk-common/1.24.0/opentelemetry-sdk-common-1.24.0.jar:/Users/rawan.ismail/.m2/repository/io/opentelemetry/opentelemetry-sdk-extension-autoconfigure-spi/1.24.0/opentelemetry-sdk-extension-autoconfigure-spi-1.24.0.jar:/Users/rawan.ismail/.m2/repository/io/opentelemetry/opentelemetry-sdk-extension-autoconfigure/1.22.0-alpha/opentelemetry-sdk-extension-autoconfigure-1.22.0-alpha.jar:/Users/rawan.ismail/.m2/repository/io/opentelemetry/opentelemetry-sdk-trace/1.24.0/opentelemetry-sdk-trace-1.24.0.jar:/Users/rawan.ismail/.m2/repository/io/opentelemetry/opentelemetry-sdk/1.24.0/opentelemetry-sdk-1.24.0.jar:/Users/rawan.ismail/.m2/repository/io/opentelemetry/opentelemetry-semconv/1.22.0-alpha/opentelemetry-semconv-1.22.0-alpha.jar:/Users/rawan.ismail/.m2/repository/io/ous/jtoml/2.0.0/jtoml-2.0.0.jar:/Users/rawan.ismail/.m2/repository/org/apache/commons/commons-exec/1.3/commons-exec-1.3.jar:/Users/rawan.ismail/.m2/repository/org/asynchttpclient/async-http-client/2.12.3/async-http-client-2.12.3.jar:/Users/rawan.ismail/.m2/repository/org/asynchttpclient/async-http-client-netty-utils/2.12.3/async-http-client-netty-utils-2.12.3.jar:/Users/rawan.ismail/.m2/repository/io/netty/netty-codec-socks/4.1.89.Final/netty-codec-socks-4.1.89.Final.jar:/Users/rawan.ismail/.m2/repository/io/netty/netty-handler-proxy/4.1.89.Final/netty-handler-proxy-4.1.89.Final.jar:/Users/rawan.ismail/.m2/repository/io/netty/netty-transport-native-epoll/4.1.89.Final/netty-transport-native-epoll-4.1.89.Final-linux-x86_64.jar:/Users/rawan.ismail/.m2/repository/io/netty/netty-transport-native-kqueue/4.1.89.Final/netty-transport-native-kqueue-4.1.89.Final-osx-x86_64.jar:/Users/rawan.ismail/.m2/repository/org/reactivestreams/reactive-streams/1.0.4/reactive-streams-1.0.4.jar:/Users/rawan.ismail/.m2/repository/com/typesafe/netty/netty-reactive-streams/2.0.4/netty-reactive-streams-2.0.4.jar:/Users/rawan.ismail/.m2/repository/com/sun/activation/jakarta.activation/1.2.2/jakarta.activation-1.2.2.jar:/Users/rawan.ismail/.m2/repository/org/seleniumhq/selenium/selenium-manager/4.8.1/selenium-manager-4.8.1.jar:/Users/rawan.ismail/.m2/repository/org/seleniumhq/selenium/selenium-safari-driver/4.8.1/selenium-safari-driver-4.8.1.jar:/Users/rawan.ismail/.m2/repository/org/seleniumhq/selenium/selenium-support/4.8.1/selenium-support-4.8.1.jar:/Users/rawan.ismail/.m2/repository/log4j/log4j/1.2.12/log4j-1.2.12.jar:/Users/rawan.ismail/.m2/repository/io/cucumber/cucumber-java/7.7.0/cucumber-java-7.7.0.jar:/Users/rawan.ismail/.m2/repository/io/cucumber/cucumber-core/7.7.0/cucumber-core-7.7.0.jar:/Users/rawan.ismail/.m2/repository/io/cucumber/cucumber-gherkin/7.7.0/cucumber-gherkin-7.7.0.jar:/Users/rawan.ismail/.m2/repository/io/cucumber/cucumber-gherkin-messages/7.7.0/cucumber-gherkin-messages-7.7.0.jar:/Users/rawan.ismail/.m2/repository/io/cucumber/gherkin/24.0.0/gherkin-24.0.0.jar:/Users/rawan.ismail/.m2/repository/io/cucumber/messages/19.1.2/messages-19.1.2.jar:/Users/rawan.ismail/.m2/repository/io/cucumber/tag-expressions/4.1.0/tag-expressions-4.1.0.jar:/Users/rawan.ismail/.m2/repository/io/cucumber/cucumber-expressions/16.0.0/cucumber-expressions-16.0.0.jar:/Users/rawan.ismail/.m2/repository/io/cucumber/datatable/7.7.0/datatable-7.7.0.jar:/Users/rawan.ismail/.m2/repository/io/cucumber/cucumber-plugin/7.7.0/cucumber-plugin-7.7.0.jar:/Users/rawan.ismail/.m2/repository/io/cucumber/docstring/7.7.0/docstring-7.7.0.jar:/Users/rawan.ismail/.m2/repository/io/cucumber/html-formatter/20.0.0/html-formatter-20.0.0.jar:/Users/rawan.ismail/.m2/repository/io/cucumber/ci-environment/9.1.0/ci-environment-9.1.0.jar:/Users/rawan.ismail/.m2/repository/org/apiguardian/apiguardian-api/1.1.2/apiguardian-api-1.1.2.jar:/Users/rawan.ismail/.m2/repository/org/testng/testng/6.8.5/testng-6.8.5.jar:/Users/rawan.ismail/.m2/repository/org/beanshell/bsh/2.0b4/bsh-2.0b4.jar:/Users/rawan.ismail/.m2/repository/com/beust/jcommander/1.27/jcommander-1.27.jar:/Users/rawan.ismail/.m2/repository/javax/xml/bind/jaxb-api/2.3.1/jaxb-api-2.3.1.jar:/Users/rawan.ismail/.m2/repository/javax/activation/javax.activation-api/1.2.0/javax.activation-api-1.2.0.jar:/Users/rawan.ismail/.m2/repository/org/javassist/javassist/3.25.0-GA/javassist-3.25.0-GA.jar:/Users/rawan.ismail/.m2/repository/org/projectlombok/lombok/1.18.22/lombok-1.18.22.jar:"/>
    <property name="java.vm.vendor" value="Oracle Corporation"/>
    <property name="sun.arch.data.model" value="64"/>
    <property name="java.vendor.url" value="https://java.oracle.com/"/>
    <property name="os.name" value="Mac OS X"/>
    <property name="java.vm.specification.version" value="19"/>
    <property name="sun.java.launcher" value="SUN_STANDARD"/>
    <property name="user.country" value="JO"/>
    <property name="sun.boot.library.path" value="/Library/Java/JavaVirtualMachines/jdk-19.jdk/Contents/Home/lib"/>
    <property name="sun.java.command" value="/Users/rawan.ismail/Workspace/task/target/surefire/surefirebooter5529637956356841600.jar /Users/rawan.ismail/Workspace/task/target/surefire 2023-03-14T11-26-17_952-jvmRun1 surefire7939724247813322881tmp surefire_01886560572617902443tmp"/>
    <property name="jdk.debug" value="release"/>
    <property name="surefire.test.class.path" value="/Users/rawan.ismail/Workspace/task/target/test-classes:/Users/rawan.ismail/Workspace/task/target/classes:/Users/rawan.ismail/.m2/repository/org/springframework/boot/spring-boot-starter-data-jpa/3.1.0-SNAPSHOT/spring-boot-starter-data-jpa-3.1.0-SNAPSHOT.jar:/Users/rawan.ismail/.m2/repository/org/springframework/boot/spring-boot-starter-aop/3.1.0-SNAPSHOT/spring-boot-starter-aop-3.1.0-SNAPSHOT.jar:/Users/rawan.ismail/.m2/repository/org/springframework/spring-aop/6.0.7-SNAPSHOT/spring-aop-6.0.7-SNAPSHOT.jar:/Users/rawan.ismail/.m2/repository/org/aspectj/aspectjweaver/1.9.19/aspectjweaver-1.9.19.jar:/Users/rawan.ismail/.m2/repository/org/springframework/boot/spring-boot-starter-jdbc/3.1.0-SNAPSHOT/spring-boot-starter-jdbc-3.1.0-SNAPSHOT.jar:/Users/rawan.ismail/.m2/repository/com/zaxxer/HikariCP/5.0.1/HikariCP-5.0.1.jar:/Users/rawan.ismail/.m2/repository/org/springframework/spring-jdbc/6.0.7-SNAPSHOT/spring-jdbc-6.0.7-SNAPSHOT.jar:/Users/rawan.ismail/.m2/repository/org/hibernate/orm/hibernate-core/6.1.7.Final/hibernate-core-6.1.7.Final.jar:/Users/rawan.ismail/.m2/repository/jakarta/persistence/jakarta.persistence-api/3.1.0/jakarta.persistence-api-3.1.0.jar:/Users/rawan.ismail/.m2/repository/jakarta/transaction/jakarta.transaction-api/2.0.1/jakarta.transaction-api-2.0.1.jar:/Users/rawan.ismail/.m2/repository/org/jboss/logging/jboss-logging/3.5.0.Final/jboss-logging-3.5.0.Final.jar:/Users/rawan.ismail/.m2/repository/org/hibernate/common/hibernate-commons-annotations/6.0.6.Final/hibernate-commons-annotations-6.0.6.Final.jar:/Users/rawan.ismail/.m2/repository/org/jboss/jandex/2.4.2.Final/jandex-2.4.2.Final.jar:/Users/rawan.ismail/.m2/repository/com/fasterxml/classmate/1.5.1/classmate-1.5.1.jar:/Users/rawan.ismail/.m2/repository/net/bytebuddy/byte-buddy/1.14.1/byte-buddy-1.14.1.jar:/Users/rawan.ismail/.m2/repository/org/glassfish/jaxb/jaxb-runtime/4.0.2/jaxb-runtime-4.0.2.jar:/Users/rawan.ismail/.m2/repository/org/glassfish/jaxb/jaxb-core/4.0.2/jaxb-core-4.0.2.jar:/Users/rawan.ismail/.m2/repository/org/eclipse/angus/angus-activation/2.0.0/angus-activation-2.0.0.jar:/Users/rawan.ismail/.m2/repository/org/glassfish/jaxb/txw2/4.0.2/txw2-4.0.2.jar:/Users/rawan.ismail/.m2/repository/com/sun/istack/istack-commons-runtime/4.1.1/istack-commons-runtime-4.1.1.jar:/Users/rawan.ismail/.m2/repository/jakarta/inject/jakarta.inject-api/2.0.0/jakarta.inject-api-2.0.0.jar:/Users/rawan.ismail/.m2/repository/org/antlr/antlr4-runtime/4.10.1/antlr4-runtime-4.10.1.jar:/Users/rawan.ismail/.m2/repository/org/springframework/data/spring-data-jpa/3.1.0-SNAPSHOT/spring-data-jpa-3.1.0-SNAPSHOT.jar:/Users/rawan.ismail/.m2/repository/org/springframework/data/spring-data-commons/3.1.0-SNAPSHOT/spring-data-commons-3.1.0-SNAPSHOT.jar:/Users/rawan.ismail/.m2/repository/org/springframework/spring-orm/6.0.7-SNAPSHOT/spring-orm-6.0.7-SNAPSHOT.jar:/Users/rawan.ismail/.m2/repository/org/springframework/spring-context/6.0.7-SNAPSHOT/spring-context-6.0.7-SNAPSHOT.jar:/Users/rawan.ismail/.m2/repository/org/springframework/spring-expression/6.0.7-SNAPSHOT/spring-expression-6.0.7-SNAPSHOT.jar:/Users/rawan.ismail/.m2/repository/org/springframework/spring-tx/6.0.7-SNAPSHOT/spring-tx-6.0.7-SNAPSHOT.jar:/Users/rawan.ismail/.m2/repository/org/springframework/spring-beans/6.0.7-SNAPSHOT/spring-beans-6.0.7-SNAPSHOT.jar:/Users/rawan.ismail/.m2/repository/org/slf4j/slf4j-api/2.0.6/slf4j-api-2.0.6.jar:/Users/rawan.ismail/.m2/repository/org/springframework/spring-aspects/6.0.7-SNAPSHOT/spring-aspects-6.0.7-SNAPSHOT.jar:/Users/rawan.ismail/.m2/repository/com/mysql/mysql-connector-j/8.0.32/mysql-connector-j-8.0.32.jar:/Users/rawan.ismail/.m2/repository/org/springframework/boot/spring-boot-starter/3.1.0-SNAPSHOT/spring-boot-starter-3.1.0-SNAPSHOT.jar:/Users/rawan.ismail/.m2/repository/org/springframework/boot/spring-boot/3.1.0-SNAPSHOT/spring-boot-3.1.0-SNAPSHOT.jar:/Users/rawan.ismail/.m2/repository/org/springframework/boot/spring-boot-autoconfigure/3.1.0-SNAPSHOT/spring-boot-autoconfigure-3.1.0-SNAPSHOT.jar:/Users/rawan.ismail/.m2/repository/org/springframework/boot/spring-boot-starter-logging/3.1.0-SNAPSHOT/spring-boot-starter-logging-3.1.0-SNAPSHOT.jar:/Users/rawan.ismail/.m2/repository/ch/qos/logback/logback-classic/1.4.5/logback-classic-1.4.5.jar:/Users/rawan.ismail/.m2/repository/ch/qos/logback/logback-core/1.4.5/logback-core-1.4.5.jar:/Users/rawan.ismail/.m2/repository/org/apache/logging/log4j/log4j-to-slf4j/2.20.0/log4j-to-slf4j-2.20.0.jar:/Users/rawan.ismail/.m2/repository/org/slf4j/jul-to-slf4j/2.0.6/jul-to-slf4j-2.0.6.jar:/Users/rawan.ismail/.m2/repository/jakarta/annotation/jakarta.annotation-api/2.1.1/jakarta.annotation-api-2.1.1.jar:/Users/rawan.ismail/.m2/repository/org/springframework/spring-core/6.0.7-SNAPSHOT/spring-core-6.0.7-SNAPSHOT.jar:/Users/rawan.ismail/.m2/repository/org/springframework/spring-jcl/6.0.7-SNAPSHOT/spring-jcl-6.0.7-SNAPSHOT.jar:/Users/rawan.ismail/.m2/repository/org/yaml/snakeyaml/1.33/snakeyaml-1.33.jar:/Users/rawan.ismail/.m2/repository/org/springframework/boot/spring-boot-starter-test/3.1.0-SNAPSHOT/spring-boot-starter-test-3.1.0-SNAPSHOT.jar:/Users/rawan.ismail/.m2/repository/org/springframework/boot/spring-boot-test/3.1.0-SNAPSHOT/spring-boot-test-3.1.0-SNAPSHOT.jar:/Users/rawan.ismail/.m2/repository/org/springframework/boot/spring-boot-test-autoconfigure/3.1.0-SNAPSHOT/spring-boot-test-autoconfigure-3.1.0-SNAPSHOT.jar:/Users/rawan.ismail/.m2/repository/com/jayway/jsonpath/json-path/2.7.0/json-path-2.7.0.jar:/Users/rawan.ismail/.m2/repository/net/minidev/json-smart/2.4.9/json-smart-2.4.9.jar:/Users/rawan.ismail/.m2/repository/net/minidev/accessors-smart/2.4.9/accessors-smart-2.4.9.jar:/Users/rawan.ismail/.m2/repository/org/ow2/asm/asm/9.3/asm-9.3.jar:/Users/rawan.ismail/.m2/repository/jakarta/xml/bind/jakarta.xml.bind-api/4.0.0/jakarta.xml.bind-api-4.0.0.jar:/Users/rawan.ismail/.m2/repository/jakarta/activation/jakarta.activation-api/2.1.1/jakarta.activation-api-2.1.1.jar:/Users/rawan.ismail/.m2/repository/org/assertj/assertj-core/3.24.2/assertj-core-3.24.2.jar:/Users/rawan.ismail/.m2/repository/org/hamcrest/hamcrest/2.2/hamcrest-2.2.jar:/Users/rawan.ismail/.m2/repository/org/junit/jupiter/junit-jupiter/5.9.2/junit-jupiter-5.9.2.jar:/Users/rawan.ismail/.m2/repository/org/junit/jupiter/junit-jupiter-api/5.9.2/junit-jupiter-api-5.9.2.jar:/Users/rawan.ismail/.m2/repository/org/opentest4j/opentest4j/1.2.0/opentest4j-1.2.0.jar:/Users/rawan.ismail/.m2/repository/org/junit/platform/junit-platform-commons/1.9.2/junit-platform-commons-1.9.2.jar:/Users/rawan.ismail/.m2/repository/org/junit/jupiter/junit-jupiter-params/5.9.2/junit-jupiter-params-5.9.2.jar:/Users/rawan.ismail/.m2/repository/org/junit/jupiter/junit-jupiter-engine/5.9.2/junit-jupiter-engine-5.9.2.jar:/Users/rawan.ismail/.m2/repository/org/junit/platform/junit-platform-engine/1.9.2/junit-platform-engine-1.9.2.jar:/Users/rawan.ismail/.m2/repository/org/mockito/mockito-core/4.11.0/mockito-core-4.11.0.jar:/Users/rawan.ismail/.m2/repository/net/bytebuddy/byte-buddy-agent/1.14.1/byte-buddy-agent-1.14.1.jar:/Users/rawan.ismail/.m2/repository/org/objenesis/objenesis/3.3/objenesis-3.3.jar:/Users/rawan.ismail/.m2/repository/org/mockito/mockito-junit-jupiter/4.11.0/mockito-junit-jupiter-4.11.0.jar:/Users/rawan.ismail/.m2/repository/org/skyscreamer/jsonassert/1.5.1/jsonassert-1.5.1.jar:/Users/rawan.ismail/.m2/repository/com/vaadin/external/google/android-json/0.0.20131108.vaadin1/android-json-0.0.20131108.vaadin1.jar:/Users/rawan.ismail/.m2/repository/org/springframework/spring-test/6.0.7-SNAPSHOT/spring-test-6.0.7-SNAPSHOT.jar:/Users/rawan.ismail/.m2/repository/org/xmlunit/xmlunit-core/2.9.1/xmlunit-core-2.9.1.jar:/Users/rawan.ismail/.m2/repository/org/openjfx/javafx-controls/19/javafx-controls-19.jar:/Users/rawan.ismail/.m2/repository/org/openjfx/javafx-controls/19/javafx-controls-19-mac.jar:/Users/rawan.ismail/.m2/repository/org/openjfx/javafx-graphics/19/javafx-graphics-19.jar:/Users/rawan.ismail/.m2/repository/org/openjfx/javafx-graphics/19/javafx-graphics-19-mac.jar:/Users/rawan.ismail/.m2/repository/org/openjfx/javafx-base/19/javafx-base-19.jar:/Users/rawan.ismail/.m2/repository/org/openjfx/javafx-base/19/javafx-base-19-mac.jar:/Users/rawan.ismail/.m2/repository/org/openjfx/javafx-fxml/19/javafx-fxml-19.jar:/Users/rawan.ismail/.m2/repository/org/openjfx/javafx-fxml/19/javafx-fxml-19-mac.jar:/Users/rawan.ismail/.m2/repository/junit/junit/4.13.2/junit-4.13.2.jar:/Users/rawan.ismail/.m2/repository/org/hamcrest/hamcrest-core/2.2/hamcrest-core-2.2.jar:/Users/rawan.ismail/.m2/repository/org/apache/poi/poi/5.2.0/poi-5.2.0.jar:/Users/rawan.ismail/.m2/repository/commons-codec/commons-codec/1.15/commons-codec-1.15.jar:/Users/rawan.ismail/.m2/repository/org/apache/commons/commons-collections4/4.4/commons-collections4-4.4.jar:/Users/rawan.ismail/.m2/repository/org/apache/commons/commons-math3/3.6.1/commons-math3-3.6.1.jar:/Users/rawan.ismail/.m2/repository/commons-io/commons-io/2.11.0/commons-io-2.11.0.jar:/Users/rawan.ismail/.m2/repository/com/zaxxer/SparseBitSet/1.2/SparseBitSet-1.2.jar:/Users/rawan.ismail/.m2/repository/org/apache/logging/log4j/log4j-api/2.20.0/log4j-api-2.20.0.jar:/Users/rawan.ismail/.m2/repository/org/apache/poi/poi-ooxml/5.2.0/poi-ooxml-5.2.0.jar:/Users/rawan.ismail/.m2/repository/org/apache/poi/poi-ooxml-lite/5.2.0/poi-ooxml-lite-5.2.0.jar:/Users/rawan.ismail/.m2/repository/org/apache/xmlbeans/xmlbeans/5.0.3/xmlbeans-5.0.3.jar:/Users/rawan.ismail/.m2/repository/org/apache/commons/commons-compress/1.21/commons-compress-1.21.jar:/Users/rawan.ismail/.m2/repository/com/github/virtuald/curvesapi/1.06/curvesapi-1.06.jar:/Users/rawan.ismail/.m2/repository/org/seleniumhq/selenium/selenium-java/4.8.1/selenium-java-4.8.1.jar:/Users/rawan.ismail/.m2/repository/org/seleniumhq/selenium/selenium-api/4.8.1/selenium-api-4.8.1.jar:/Users/rawan.ismail/.m2/repository/org/seleniumhq/selenium/selenium-chrome-driver/4.8.1/selenium-chrome-driver-4.8.1.jar:/Users/rawan.ismail/.m2/repository/com/google/auto/service/auto-service-annotations/1.0.1/auto-service-annotations-1.0.1.jar:/Users/rawan.ismail/.m2/repository/com/google/auto/service/auto-service/1.0.1/auto-service-1.0.1.jar:/Users/rawan.ismail/.m2/repository/com/google/auto/auto-common/1.2/auto-common-1.2.jar:/Users/rawan.ismail/.m2/repository/com/google/guava/guava/31.1-jre/guava-31.1-jre.jar:/Users/rawan.ismail/.m2/repository/com/google/guava/failureaccess/1.0.1/failureaccess-1.0.1.jar:/Users/rawan.ismail/.m2/repository/com/google/guava/listenablefuture/9999.0-empty-to-avoid-conflict-with-guava/listenablefuture-9999.0-empty-to-avoid-conflict-with-guava.jar:/Users/rawan.ismail/.m2/repository/com/google/code/findbugs/jsr305/3.0.2/jsr305-3.0.2.jar:/Users/rawan.ismail/.m2/repository/org/checkerframework/checker-qual/3.12.0/checker-qual-3.12.0.jar:/Users/rawan.ismail/.m2/repository/com/google/errorprone/error_prone_annotations/2.11.0/error_prone_annotations-2.11.0.jar:/Users/rawan.ismail/.m2/repository/com/google/j2objc/j2objc-annotations/1.3/j2objc-annotations-1.3.jar:/Users/rawan.ismail/.m2/repository/org/seleniumhq/selenium/selenium-chromium-driver/4.8.1/selenium-chromium-driver-4.8.1.jar:/Users/rawan.ismail/.m2/repository/org/seleniumhq/selenium/selenium-json/4.8.1/selenium-json-4.8.1.jar:/Users/rawan.ismail/.m2/repository/org/seleniumhq/selenium/selenium-devtools-v108/4.8.1/selenium-devtools-v108-4.8.1.jar:/Users/rawan.ismail/.m2/repository/org/seleniumhq/selenium/selenium-devtools-v109/4.8.1/selenium-devtools-v109-4.8.1.jar:/Users/rawan.ismail/.m2/repository/org/seleniumhq/selenium/selenium-devtools-v110/4.8.1/selenium-devtools-v110-4.8.1.jar:/Users/rawan.ismail/.m2/repository/org/seleniumhq/selenium/selenium-devtools-v85/4.8.1/selenium-devtools-v85-4.8.1.jar:/Users/rawan.ismail/.m2/repository/org/seleniumhq/selenium/selenium-edge-driver/4.8.1/selenium-edge-driver-4.8.1.jar:/Users/rawan.ismail/.m2/repository/org/seleniumhq/selenium/selenium-firefox-driver/4.8.1/selenium-firefox-driver-4.8.1.jar:/Users/rawan.ismail/.m2/repository/org/seleniumhq/selenium/selenium-http/4.8.1/selenium-http-4.8.1.jar:/Users/rawan.ismail/.m2/repository/dev/failsafe/failsafe/3.3.0/failsafe-3.3.0.jar:/Users/rawan.ismail/.m2/repository/org/seleniumhq/selenium/selenium-ie-driver/4.8.1/selenium-ie-driver-4.8.1.jar:/Users/rawan.ismail/.m2/repository/org/seleniumhq/selenium/selenium-remote-driver/4.8.1/selenium-remote-driver-4.8.1.jar:/Users/rawan.ismail/.m2/repository/io/netty/netty-buffer/4.1.89.Final/netty-buffer-4.1.89.Final.jar:/Users/rawan.ismail/.m2/repository/io/netty/netty-codec-http/4.1.89.Final/netty-codec-http-4.1.89.Final.jar:/Users/rawan.ismail/.m2/repository/io/netty/netty-codec/4.1.89.Final/netty-codec-4.1.89.Final.jar:/Users/rawan.ismail/.m2/repository/io/netty/netty-handler/4.1.89.Final/netty-handler-4.1.89.Final.jar:/Users/rawan.ismail/.m2/repository/io/netty/netty-common/4.1.89.Final/netty-common-4.1.89.Final.jar:/Users/rawan.ismail/.m2/repository/io/netty/netty-transport-classes-epoll/4.1.89.Final/netty-transport-classes-epoll-4.1.89.Final.jar:/Users/rawan.ismail/.m2/repository/io/netty/netty-transport-classes-kqueue/4.1.89.Final/netty-transport-classes-kqueue-4.1.89.Final.jar:/Users/rawan.ismail/.m2/repository/io/netty/netty-transport-native-epoll/4.1.89.Final/netty-transport-native-epoll-4.1.89.Final.jar:/Users/rawan.ismail/.m2/repository/io/netty/netty-transport-native-kqueue/4.1.89.Final/netty-transport-native-kqueue-4.1.89.Final.jar:/Users/rawan.ismail/.m2/repository/io/netty/netty-transport-native-unix-common/4.1.89.Final/netty-transport-native-unix-common-4.1.89.Final.jar:/Users/rawan.ismail/.m2/repository/io/netty/netty-transport/4.1.89.Final/netty-transport-4.1.89.Final.jar:/Users/rawan.ismail/.m2/repository/io/netty/netty-resolver/4.1.89.Final/netty-resolver-4.1.89.Final.jar:/Users/rawan.ismail/.m2/repository/io/opentelemetry/opentelemetry-api/1.24.0/opentelemetry-api-1.24.0.jar:/Users/rawan.ismail/.m2/repository/io/opentelemetry/opentelemetry-context/1.24.0/opentelemetry-context-1.24.0.jar:/Users/rawan.ismail/.m2/repository/io/opentelemetry/opentelemetry-exporter-logging/1.24.0/opentelemetry-exporter-logging-1.24.0.jar:/Users/rawan.ismail/.m2/repository/io/opentelemetry/opentelemetry-sdk-metrics/1.24.0/opentelemetry-sdk-metrics-1.24.0.jar:/Users/rawan.ismail/.m2/repository/io/opentelemetry/opentelemetry-sdk-logs/1.24.0-alpha/opentelemetry-sdk-logs-1.24.0-alpha.jar:/Users/rawan.ismail/.m2/repository/io/opentelemetry/opentelemetry-api-logs/1.24.0-alpha/opentelemetry-api-logs-1.24.0-alpha.jar:/Users/rawan.ismail/.m2/repository/io/opentelemetry/opentelemetry-api-events/1.24.0-alpha/opentelemetry-api-events-1.24.0-alpha.jar:/Users/rawan.ismail/.m2/repository/io/opentelemetry/opentelemetry-sdk-common/1.24.0/opentelemetry-sdk-common-1.24.0.jar:/Users/rawan.ismail/.m2/repository/io/opentelemetry/opentelemetry-sdk-extension-autoconfigure-spi/1.24.0/opentelemetry-sdk-extension-autoconfigure-spi-1.24.0.jar:/Users/rawan.ismail/.m2/repository/io/opentelemetry/opentelemetry-sdk-extension-autoconfigure/1.22.0-alpha/opentelemetry-sdk-extension-autoconfigure-1.22.0-alpha.jar:/Users/rawan.ismail/.m2/repository/io/opentelemetry/opentelemetry-sdk-trace/1.24.0/opentelemetry-sdk-trace-1.24.0.jar:/Users/rawan.ismail/.m2/repository/io/opentelemetry/opentelemetry-sdk/1.24.0/opentelemetry-sdk-1.24.0.jar:/Users/rawan.ismail/.m2/repository/io/opentelemetry/opentelemetry-semconv/1.22.0-alpha/opentelemetry-semconv-1.22.0-alpha.jar:/Users/rawan.ismail/.m2/repository/io/ous/jtoml/2.0.0/jtoml-2.0.0.jar:/Users/rawan.ismail/.m2/repository/org/apache/commons/commons-exec/1.3/commons-exec-1.3.jar:/Users/rawan.ismail/.m2/repository/org/asynchttpclient/async-http-client/2.12.3/async-http-client-2.12.3.jar:/Users/rawan.ismail/.m2/repository/org/asynchttpclient/async-http-client-netty-utils/2.12.3/async-http-client-netty-utils-2.12.3.jar:/Users/rawan.ismail/.m2/repository/io/netty/netty-codec-socks/4.1.89.Final/netty-codec-socks-4.1.89.Final.jar:/Users/rawan.ismail/.m2/repository/io/netty/netty-handler-proxy/4.1.89.Final/netty-handler-proxy-4.1.89.Final.jar:/Users/rawan.ismail/.m2/repository/io/netty/netty-transport-native-epoll/4.1.89.Final/netty-transport-native-epoll-4.1.89.Final-linux-x86_64.jar:/Users/rawan.ismail/.m2/repository/io/netty/netty-transport-native-kqueue/4.1.89.Final/netty-transport-native-kqueue-4.1.89.Final-osx-x86_64.jar:/Users/rawan.ismail/.m2/repository/org/reactivestreams/reactive-streams/1.0.4/reactive-streams-1.0.4.jar:/Users/rawan.ismail/.m2/repository/com/typesafe/netty/netty-reactive-streams/2.0.4/netty-reactive-streams-2.0.4.jar:/Users/rawan.ismail/.m2/repository/com/sun/activation/jakarta.activation/1.2.2/jakarta.activation-1.2.2.jar:/Users/rawan.ismail/.m2/repository/org/seleniumhq/selenium/selenium-manager/4.8.1/selenium-manager-4.8.1.jar:/Users/rawan.ismail/.m2/repository/org/seleniumhq/selenium/selenium-safari-driver/4.8.1/selenium-safari-driver-4.8.1.jar:/Users/rawan.ismail/.m2/repository/org/seleniumhq/selenium/selenium-support/4.8.1/selenium-support-4.8.1.jar:/Users/rawan.ismail/.m2/repository/log4j/log4j/1.2.12/log4j-1.2.12.jar:/Users/rawan.ismail/.m2/repository/io/cucumber/cucumber-java/7.7.0/cucumber-java-7.7.0.jar:/Users/rawan.ismail/.m2/repository/io/cucumber/cucumber-core/7.7.0/cucumber-core-7.7.0.jar:/Users/rawan.ismail/.m2/repository/io/cucumber/cucumber-gherkin/7.7.0/cucumber-gherkin-7.7.0.jar:/Users/rawan.ismail/.m2/repository/io/cucumber/cucumber-gherkin-messages/7.7.0/cucumber-gherkin-messages-7.7.0.jar:/Users/rawan.ismail/.m2/repository/io/cucumber/gherkin/24.0.0/gherkin-24.0.0.jar:/Users/rawan.ismail/.m2/repository/io/cucumber/messages/19.1.2/messages-19.1.2.jar:/Users/rawan.ismail/.m2/repository/io/cucumber/tag-expressions/4.1.0/tag-expressions-4.1.0.jar:/Users/rawan.ismail/.m2/repository/io/cucumber/cucumber-expressions/16.0.0/cucumber-expressions-16.0.0.jar:/Users/rawan.ismail/.m2/repository/io/cucumber/datatable/7.7.0/datatable-7.7.0.jar:/Users/rawan.ismail/.m2/repository/io/cucumber/cucumber-plugin/7.7.0/cucumber-plugin-7.7.0.jar:/Users/rawan.ismail/.m2/repository/io/cucumber/docstring/7.7.0/docstring-7.7.0.jar:/Users/rawan.ismail/.m2/repository/io/cucumber/html-formatter/20.0.0/html-formatter-20.0.0.jar:/Users/rawan.ismail/.m2/repository/io/cucumber/ci-environment/9.1.0/ci-environment-9.1.0.jar:/Users/rawan.ismail/.m2/repository/org/apiguardian/apiguardian-api/1.1.2/apiguardian-api-1.1.2.jar:/Users/rawan.ismail/.m2/repository/org/testng/testng/6.8.5/testng-6.8.5.jar:/Users/rawan.ismail/.m2/repository/org/beanshell/bsh/2.0b4/bsh-2.0b4.jar:/Users/rawan.ismail/.m2/repository/com/beust/jcommander/1.27/jcommander-1.27.jar:/Users/rawan.ismail/.m2/repository/javax/xml/bind/jaxb-api/2.3.1/jaxb-api-2.3.1.jar:/Users/rawan.ismail/.m2/repository/javax/activation/javax.activation-api/1.2.0/javax.activation-api-1.2.0.jar:/Users/rawan.ismail/.m2/repository/org/javassist/javassist/3.25.0-GA/javassist-3.25.0-GA.jar:/Users/rawan.ismail/.m2/repository/org/projectlombok/lombok/1.18.22/lombok-1.18.22.jar:"/>
    <property name="sun.cpu.endian" value="little"/>
    <property name="user.home" value="/Users/rawan.ismail"/>
    <property name="user.language" value="en"/>
    <property name="java.specification.vendor" value="Oracle Corporation"/>
    <property name="java.version.date" value="2023-01-17"/>
    <property name="java.home" value="/Library/Java/JavaVirtualMachines/jdk-19.jdk/Contents/Home"/>
    <property name="file.separator" value="/"/>
    <property name="basedir" value="/Users/rawan.ismail/Workspace/task"/>
    <property name="java.vm.compressedOopsMode" value="Zero based"/>
    <property name="line.separator" value="&#10;"/>
    <property name="java.specification.name" value="Java Platform API Specification"/>
    <property name="java.vm.specification.vendor" value="Oracle Corporation"/>
    <property name="apple.awt.application.name" value="ForkedBooter"/>
    <property name="surefire.real.class.path" value="/Users/rawan.ismail/Workspace/task/target/surefire/surefirebooter5529637956356841600.jar"/>
    <property name="sun.management.compiler" value="HotSpot 64-Bit Tiered Compilers"/>
    <property name="java.runtime.version" value="19.0.2+7-44"/>
    <property name="user.name" value="rawan.ismail"/>
    <property name="stdout.encoding" value="UTF-8"/>
    <property name="path.separator" value=":"/>
    <property name="os.version" value="13.2.1"/>
    <property name="java.runtime.name" value="Java(TM) SE Runtime Environment"/>
    <property name="file.encoding" value="UTF-8"/>
    <property name="java.vm.name" value="Java HotSpot(TM) 64-Bit Server VM"/>
    <property name="localRepository" value="/Users/rawan.ismail/.m2/repository"/>
    <property name="java.vendor.url.bug" value="https://bugreport.java.com/bugreport/"/>
    <property name="java.io.tmpdir" value="/var/folders/fq/2y8h78s53qzf9gl2m250s0200000gq/T/"/>
    <property name="idea.version" value="2022.3.3"/>
    <property name="java.version" value="19.0.2"/>
    <property name="user.dir" value="/Users/rawan.ismail/Workspace/task"/>
    <property name="os.arch" value="x86_64"/>
    <property name="java.vm.specification.name" value="Java Virtual Machine Specification"/>
    <property name="native.encoding" value="UTF-8"/>
    <property name="java.library.path" value="/Users/rawan.ismail/Library/Java/Extensions:/Library/Java/Extensions:/Network/Library/Java/Extensions:/System/Library/Java/Extensions:/usr/lib/java:."/>
    <property name="java.vm.info" value="mixed mode, sharing"/>
    <property name="stderr.encoding" value="UTF-8"/>
    <property name="java.vendor" value="Oracle Corporation"/>
    <property name="java.vm.version" value="19.0.2+7-44"/>
    <property name="sun.io.unicode.encoding" value="UnicodeBig"/>
    <property name="java.class.version" value="63.0"/>
  </properties>
  <testcase name="testGetOrders" classname="com.seera.data.task.TaskApplicationTests" time="0.013">
    <failure message="Cannot invoke &quot;com.seera.data.task.service.L2_servicesRepository.getL2_serviceResults()&quot; because &quot;this.l2_servicesRepository&quot; is null" type="java.lang.NullPointerException">java.lang.NullPointerException: Cannot invoke "com.seera.data.task.service.L2_servicesRepository.getL2_serviceResults()" because "this.l2_servicesRepository" is null
	at com.seera.data.task.TaskApplicationTests.testGetOrders(TaskApplicationTests.java:38)
</failure>
  </testcase>
</testsuite>